c:\users\user\documents\github\assignmentz\binary\release\binary.ipdb
c:\users\user\documents\github\assignmentz\binary\release\binary.iobj
c:\users\user\documents\github\assignmentz\binary\release\binary.pch
c:\users\user\documents\github\assignmentz\binary\release\vc141.pdb
c:\users\user\documents\github\assignmentz\binary\release\pch.obj
c:\users\user\documents\github\assignmentz\binary\release\binary.obj
c:\users\user\documents\github\assignmentz\binary\release\binary.exe
c:\users\user\documents\github\assignmentz\binary\release\binary.pdb
c:\users\s191280\desktop\assignmentz\binary\release\binary.obj
c:\users\s191280\desktop\assignmentz\binary\release\pch.obj
c:\users\s191280\desktop\assignmentz\binary\release\binary.ipdb
c:\users\s191280\desktop\assignmentz\binary\release\binary.iobj
c:\users\s191280\desktop\assignmentz\binary\release\binary.pch
c:\users\s191280\desktop\assignmentz\binary\release\binary.pdb
c:\users\s191280\desktop\assignmentz\binary\release\vc141.pdb
c:\users\s191280\desktop\assignmentz\binary\release\binary.exe
c:\users\s191280\desktop\assignmentz\binary\release\binary.tlog\binary.write.1u.tlog
c:\users\s191280\desktop\assignmentz\binary\release\binary.tlog\cl.command.1.tlog
c:\users\s191280\desktop\assignmentz\binary\release\binary.tlog\cl.read.1.tlog
c:\users\s191280\desktop\assignmentz\binary\release\binary.tlog\cl.write.1.tlog
c:\users\s191280\desktop\assignmentz\binary\release\binary.tlog\link.command.1.tlog
c:\users\s191280\desktop\assignmentz\binary\release\binary.tlog\link.read.1.tlog
c:\users\s191280\desktop\assignmentz\binary\release\binary.tlog\link.write.1.tlog
